  bullet.cpp
  ZombieArena.cpp
C:\Users\admin\OneDrive - Waterford Institute of Technology\Desktop\Year 3\Semester 5\C++\VS Projects\ZombieArena\ZombieArena.cpp(22,47): warning C4244: '=': conversion from 'unsigned int' to 'T', possible loss of data
          with
          [
              T=float
          ]
C:\Users\admin\OneDrive - Waterford Institute of Technology\Desktop\Year 3\Semester 5\C++\VS Projects\ZombieArena\ZombieArena.cpp(23,47): warning C4244: '=': conversion from 'unsigned int' to 'T', possible loss of data
          with
          [
              T=float
          ]
C:\Users\admin\OneDrive - Waterford Institute of Technology\Desktop\Year 3\Semester 5\C++\VS Projects\ZombieArena\ZombieArena.cpp(24,59): warning C4244: 'argument': conversion from 'T' to 'unsigned int', possible loss of data
          with
          [
              T=float
          ]
C:\Users\admin\OneDrive - Waterford Institute of Technology\Desktop\Year 3\Semester 5\C++\VS Projects\ZombieArena\ZombieArena.cpp(24,45): warning C4244: 'argument': conversion from 'T' to 'unsigned int', possible loss of data
          with
          [
              T=float
          ]
  Generating Code...
  ZombieArena.vcxproj -> C:\Users\admin\OneDrive - Waterford Institute of Technology\Desktop\Year 3\Semester 5\C++\VS Projects\ZombieArena\Debug\ZombieArena.exe
